{ Using PSTWRITER 17.2.0 d001Apr-14-2022 at 09:43:41 }

#1 WARNING(ORCAP-36038): "No_connect" property on Pin "J3.5" ignored for J3: MAIN, 03 GD32F450VE (363.22, 177.80). Connecting pin to net "PA9/USART0_TX".
#2 WARNING(ORCAP-36038): "No_connect" property on Pin "J3.7" ignored for J3: MAIN, 03 GD32F450VE (363.22, 177.80). Connecting pin to net "PA10/USART0_RX".
#3 WARNING(ORCAP-36038): "No_connect" property on Pin "J1.11" ignored for J1: MAIN, 03 GD32F450VE (381.00, 17.78). Connecting pin to net "N17303000".
#4 WARNING(ORCAP-36038): "No_connect" property on Pin "U4.3" ignored for U4: MAIN, 03 GD32F450VE (162.56, 76.20). Connecting pin to net "GND".
#5 WARNING(ORCAP-36038): "No_connect" property on Pin "MH1.1" ignored for MH1: MAIN, 04 POWER (27.94, 157.48). Connecting pin to net "GND".
#6 WARNING(ORCAP-36038): "No_connect" property on Pin "MH2.1" ignored for MH2: MAIN, 04 POWER (48.26, 157.48). Connecting pin to net "GND".
#7 WARNING(ORCAP-36038): "No_connect" property on Pin "MH4.1" ignored for MH4: MAIN, 04 POWER (48.26, 175.26). Connecting pin to net "GND".
#8 WARNING(ORCAP-36038): "No_connect" property on Pin "J1.10" ignored for J1: MAIN, 03 GD32F450VE (381.00, 17.78). Connecting pin to net "N17302949".
#9 WARNING(ORCAP-36038): "No_connect" property on Pin "J1.9" ignored for J1: MAIN, 03 GD32F450VE (381.00, 17.78). Connecting pin to net "ETH_LED2".
#10 WARNING(ORCAP-36038): "No_connect" property on Pin "J1.12" ignored for J1: MAIN, 03 GD32F450VE (381.00, 17.78). Connecting pin to net "ETH_LED1".
#11 WARNING(ORCAP-36006): Part Name "XL-2012SURUGC_XL-2012SURUGC_XL-2012SURUGC" is renamed to "XL-2012SURUGC_XL-2012SURUGC_XL-".
#12 WARNING(ORCAP-36006): Part Name "CON_RJ45_1X8_F_RA_0_HR911105A_HR911105A" is renamed to "CON_RJ45_1X8_F_RA_0_HR911105A_H".
#13 WARNING(ORCAP-36006): Part Name "CON20_0_Z-231012820106_Z-231012820106" is renamed to "CON20_0_Z-231012820106_Z-231012".
#14 WARNING(ORCAP-36006): Part Name "DC3-10P-Z-L_DC3-10P-Z-L_DC3-10P-Z-L" is renamed to "DC3-10P-Z-L_DC3-10P-Z-L_DC3-10P".
#15 WARNING(ORCAP-36006): Part Name "CONN RCPT 15X2_CN2X15-2P54-Z_CN2X15-2P54-Z" is renamed to "CONN RCPT 15X2_CN2X15-2P54-Z_CN".
#16 WARNING(ORCAP-36006): Part Name "IND_BEAD_0805_600OHM_1_L0805_BLM21PG600SN1D" is renamed to "IND_BEAD_0805_600OHM_1_L0805_BL".
#17 WARNING(ORCAP-36006): Part Name "SWITCH-SPST-4P_K2-1112SW-A4SW-04_K2-1112SW-A4SW-04" is renamed to "SWITCH-SPST-4P_K2-1112SW-A4SW-0".
#18 WARNING(ORCAP-36006): Part Name "SWITCH_3P_SS-12D11G3R_SS-12D11G3R" is renamed to "SWITCH_3P_SS-12D11G3R_SS-12D11G".
#19 WARNING(ORCAP-36006): Part Name "GD32F450VET6_LQFP100-14X14X0R5_GD32F450VET6" is renamed to "GD32F450VET6_LQFP100-14X14X0R5_".
#20 WARNING(ORCAP-36006): Part Name "LAN87420AI-CZ_QFN24-4X4X0R5-2R4X2R4_LAN8720A" is renamed to "LAN87420AI-CZ_QFN24-4X4X0R5-2R4".
#21 WARNING(ORCAP-36006): Part Name "CEIT_C5000_0_SOIC8_208_W25Q128JVSIQ" is renamed to "CEIT_C5000_0_SOIC8_208_W25Q128J".
#22 WARNING(ORCAP-36006): Part Name "MB85RC64PNF-G-JNERE1_SOIC8_AT24C02C" is renamed to "MB85RC64PNF-G-JNERE1_SOIC8_AT24".
#23 WARNING(ORCAP-36006): Part Name "MAX809_0_SOT23-3_MAX809SN293D3T1G" is renamed to "MAX809_0_SOT23-3_MAX809SN293D3T".
#24 WARNING(ORCAP-36006): Part Name "TYPE-C_0_TYPE-C-31-M-12_TYPE-C-31-M-12" is renamed to "TYPE-C_0_TYPE-C-31-M-12_TYPE-C-".
#25 WARNING(ORCAP-36006): Part Name "TSX-3225_X-4P-3R2X2R5-SMD_X322525MSB4SI" is renamed to "TSX-3225_X-4P-3R2X2R5-SMD_X3225".
#26 WARNING(ORCAP-36006): Part Name "XTAL_5032_0_X-2P-3R2X1R5-SMD_Q13FC1350000400" is renamed to "XTAL_5032_0_X-2P-3R2X1R5-SMD_Q1".
#27 WARNING(ORCAP-36006): Part Name "TSX-3225_X-4P-3R2X2R5-SMD_DSX321G-8M" is renamed to "TSX-3225_X-4P-3R2X2R5-SMD_DSX32".
INFO(ORCAP-36080): Scanning netlist files ...

Loading... G:\github\MBEDBoard\F450_V10_220411\SCH\allegro/pstchip.dat

Loading... G:\github\MBEDBoard\F450_V10_220411\SCH\allegro/pstchip.dat

Loading... G:\github\MBEDBoard\F450_V10_220411\SCH\allegro/pstchip.dat

Loading... G:\github\MBEDBoard\F450_V10_220411\SCH\allegro/pstxnet.dat
packaging the design view...