(---------------------------------------------------------------------)
(                                                                     )
(    QUICKPLACE LOG                                                   )
(                                                                     )
(    Drawing          : EZFET_V10A.brd                                )
(    Software Version : 16.6-2015S071                                 )
(    Date/Time        : Thu Oct 27 16:29:10 2016                      )
(                                                                     )
(---------------------------------------------------------------------)


State: Placing on layer TOP

         Placed symbol:  U1 / MSP430F5528IRGC_VQFN-64_MSP430F / VQFN-64 at (50.4779 74.6745)
         Placed symbol:  JP1 / JTAG_JTAG_JTAG / JTAG at (46.5294 65.7463)
         Placed symbol:  JP2 / JTAG_JTAG_JTAG / JTAG at (46.5294 60.5431)
         Placed symbol:  U3 / NUP2202W1_D_2_SC-88_NUP4202W1T2 / SC-88 at (46.9050 57.8199)
         Placed symbol:  USB1 / USB-B_USB-B_USB-B / USB-B at (53.0494 55.6007)
         Placed symbol:  U2 / SPX3819M5-L-1-2_SOT23-5_SPX3819 / SOT23-5 at (46.6044 38.4635)
         Placed symbol:  R13 / R_GENERIC_RC0603_10R / RC0603 at (46.5748 35.3738)
         Placed symbol:  R15 / R_GENERIC_RC0603_220K / RC0603 at (46.5748 33.6847)
         Placed symbol:  C12 / CAP NP_CC0603_470NF_50V / CC0603 at (46.5748 31.9956)
         Placed symbol:  C13 / CAP NP_CC0603_33PF_50V / CC0603 at (46.5748 30.3065)
         Placed symbol:  C6 / CAP NP_CC0603_33PF_50V / CC0603 at (46.5748 28.6174)
         Placed symbol:  C14 / CAP NP_CC0603_10PF_50V / CC0603 at (46.5748 26.9283)
         Placed symbol:  C16 / CAP NP_CC0603_10PF_50V / CC0603 at (46.5748 25.2392)
         Placed symbol:  C15 / CAP NP_2_CC0805_10UF_25V / CC0805 at (47.0320 23.5501)
         Placed symbol:  C17 / CAP NP_2_CC0805_10UF_25V / CC0805 at (47.0320 21.6832)
         Placed symbol:  C3 / CAP NP_CC0603_220NF_50V / CC0603 at (46.5748 19.8163)
         Placed symbol:  C4 / CAP NP_CC0603_220NF_50V / CC0603 at (46.5748 18.1272)
         Placed symbol:  C5 / CAP NP_CC0603_1NF_50V / CC0603 at (46.5748 16.4381)
         Placed symbol:  C8 / C_GENERIC_CC0805_10UF_25V / CC0805 at (47.0320 14.7490)
         Placed symbol:  D2 / LED_4_LED0805_LED_GREEN / LED0805 at (46.9050 13.1234)
         Placed symbol:  R16 / R_GENERIC_RC0603_220K / RC0603 at (46.5748 11.2565)
         Placed symbol:  R9 / R_GENERIC_RC0603_0R / RC0603 at (46.5748 9.5674)
         Placed symbol:  R1 / R_GENERIC_RC0603_0R/NI / RC0603 at (46.5748 7.8783)
         Placed symbol:  R7 / R_GENERIC_RC0603_0R/NI / RC0603 at (46.5748 6.1892)
         Placed symbol:  R10 / R_GENERIC_RC0603_10R / RC0603 at (46.5748 4.5001)
         Placed symbol:  R11 / R_GENERIC_RC0603_10R / RC0603 at (46.5748 2.8110)
         Placed symbol:  R12 / R_GENERIC_RC0603_10R / RC0603 at (46.5748 1.1219)
         Placed symbol:  R21 / R_GENERIC_RC0603_1M / RC0603 at (64.5280 78.9205)
         Placed symbol:  R14 / R_GENERIC_RC0603_10R / RC0603 at (64.5280 77.2314)
         Placed symbol:  R6 / R_GENERIC_RC0603_10R / RC0603 at (64.5280 75.5423)
         Placed symbol:  R8 / R_GENERIC_RC0603_10R / RC0603 at (64.5280 73.8532)
         Placed symbol:  R23 / R_GENERIC_RC0603_1.4K / RC0603 at (64.5280 72.1641)
         Placed symbol:  R4 / R_GENERIC_RC0603_240K / RC0603 at (64.5280 70.4750)
         Placed symbol:  R17 / R_GENERIC_RC0603_510R / RC0603 at (64.5280 68.7859)
         Placed symbol:  R18 / R_GENERIC_RC0603_510R / RC0603 at (64.5280 67.0968)
         Placed symbol:  R19 / R_GENERIC_RC0603_27R / RC0603 at (64.5280 65.4077)
         Placed symbol:  R20 / R_GENERIC_RC0603_27R / RC0603 at (64.5280 63.7186)
         Placed symbol:  R2 / R_GENERIC_RC0603_0R / RC0603 at (64.5280 62.0295)
         Placed symbol:  R5 / R_GENERIC_RC0603_150K / RC0603 at (64.5280 60.3404)
         Placed symbol:  X1 / XTAL_5032_0_X-HC-49S_XTAL_4MHZ_ / X-HC-49S at (66.2480 57.7037)
         Placed symbol:  R22 / R_GENERIC_RC0603_10K / RC0603 at (64.5280 54.6479)
         Placed symbol:  C1 / CAP NP_CC0603_20PF_50V / CC0603 at (64.5280 52.9588)
         Placed symbol:  R3 / R_GENERIC_RC0603_47K / RC0603 at (64.5280 51.2697)
         Placed symbol:  C2 / CAP NP_CC0603_20PF_50V / CC0603 at (64.5280 49.5806)
         Placed symbol:  D1 / LED_4_LED0805_LED_RED / LED0805 at (64.8582 48.1328)
         Placed symbol:  C9 / CAP NP_CC0603_0.1UF_50V / CC0603 at (64.5280 46.2659)
         Placed symbol:  C11 / CAP NP_CC0603_0.1UF_50V / CC0603 at (64.5280 44.5768)
         Placed symbol:  C10 / CAP NP_CC0603_0.1UF_50V / CC0603 at (64.5280 42.8877)
         Placed symbol:  C7 / CAP NP_CC0603_0.1UF_50V / CC0603 at (64.5280 41.1986)
         Placed symbol:  MP2 / MARKPOINT_MARKPOINT_R3_MARKPOIN / MARKPOINT_R3 at (63.7406 39.9032)
         Placed symbol:  MH3 / HOLD_1_HOLD250D134_HOLD / HOLD250D134 at (66.4076 36.0170)
         Placed symbol:  MP1 / MARKPOINT_MARKPOINT_R3_MARKPOIN / MARKPOINT_R3 at (63.7406 32.0800)
         Placed symbol:  MH1 / HOLD_1_HOLD250D134_HOLD / HOLD250D134 at (66.4076 28.1938)
         Placed symbol:  MH2 / HOLD_1_HOLD250D134_HOLD / HOLD250D134 at (66.4076 21.6406)
         Placed symbol:  MH4 / HOLD_1_HOLD250D134_HOLD / HOLD250D134 at (66.4076 15.0874)


Placed 55 of 55 applicable (55 total) symbols.

-----------------------------------------------------------------------

