{ Using PSTWRITER 16.6.0 d001Nov-30-2016 at 10:45:22 }

#1 WARNING(ORCAP-36038): "No_connect" property on Pin "U20.4" ignored for U20: MAIN, 13 POWER (203.20, 116.84). Connecting pin to net "N13706171".
#2 WARNING(ORCAP-36038): "No_connect" property on Pin "USB3.2" ignored for USB3: MAIN, 13 POWER (142.24, 43.18). Connecting pin to net "CH340_D-".
#3 WARNING(ORCAP-36038): "No_connect" property on Pin "U17.9" ignored for U17: MAIN, 12 USB DEVICE&UART (205.74, 66.04). Connecting pin to net "U3_TX".
#4 WARNING(ORCAP-36038): "No_connect" property on Pin "U21.3" ignored for U21: MAIN, 13 POWER (337.82, 132.08). Connecting pin to net "VBTN".
#5 WARNING(ORCAP-36038): "No_connect" property on Pin "U17.7" ignored for U17: MAIN, 12 USB DEVICE&UART (205.74, 66.04). Connecting pin to net "U3_232TX".
#6 WARNING(ORCAP-36038): "No_connect" property on Pin "USB1.2" ignored for USB1: MAIN, 12 USB DEVICE&UART (264.16, 149.86). Connecting pin to net "USB_DM".
#7 WARNING(ORCAP-36038): "No_connect" property on Pin "U17.8" ignored for U17: MAIN, 12 USB DEVICE&UART (205.74, 66.04). Connecting pin to net "U3_232RX".
#8 WARNING(ORCAP-36038): "No_connect" property on Pin "U17.10" ignored for U17: MAIN, 12 USB DEVICE&UART (205.74, 66.04). Connecting pin to net "U3_RX".
#9 WARNING(ORCAP-36038): "No_connect" property on Pin "U16.1" ignored for U16: MAIN, 09 EEPROM&FLASH (203.20, 218.44). Connecting pin to net "GND".
#10 WARNING(ORCAP-36038): "No_connect" property on Pin "U16.2" ignored for U16: MAIN, 09 EEPROM&FLASH (203.20, 218.44). Connecting pin to net "GND".
#11 WARNING(ORCAP-36038): "No_connect" property on Pin "U16.3" ignored for U16: MAIN, 09 EEPROM&FLASH (203.20, 218.44). Connecting pin to net "GND".
#12 WARNING(ORCAP-36038): "No_connect" property on Pin "U13.2" ignored for U13: MAIN, 08 SENSOR (213.36, 114.30). Connecting pin to net "GND".
#13 WARNING(ORCAP-36038): "No_connect" property on Pin "JP1.1" ignored for JP1: MAIN, 02 MCU (373.38, 223.52). Connecting pin to net "GND".
#14 WARNING(ORCAP-36038): "No_connect" property on Pin "J2.3" ignored for J2: MAIN, 02 MCU (370.84, 30.48). Connecting pin to net "SPI1_MISO".
#15 WARNING(ORCAP-36038): "No_connect" property on Pin "U3.18" ignored for U3: MAIN, 04 EARTHNET (124.46, 101.60). Connecting pin to net "RMII_TXD1".
#16 WARNING(ORCAP-36006): Part Name "CAPT_100UF_3528_6R3V_10%_LXXXX_CAP-ED6R3_220UF_10V_ED6R3" is renamed to "CAPT_100UF_3528_6R3V_10%_LXXXX_".
#17 WARNING(ORCAP-36006): Part Name "CAPACITOR NON-POL_CC0603_10NF_50V" is renamed to "CAPACITOR NON-POL_CC0603_10NF_5".
#18 WARNING(ORCAP-36006): Part Name "DIODE13_0_DO-214AC_SS14_DO-214AC" is renamed to "DIODE13_0_DO-214AC_SS14_DO-214A".
#19 WARNING(ORCAP-36006): Part Name "CONN RCPT 23X2_HEADER23X2_2R54_HEADER23X2_2R54" is renamed to "CONN RCPT 23X2_HEADER23X2_2R54_".
#20 WARNING(ORCAP-36006): Part Name "CONN PLUG 2_0_HEADER2X1_2R54_HEADER2X1_2R54" is renamed to "CONN PLUG 2_0_HEADER2X1_2R54_HE".
#21 WARNING(ORCAP-36006): Part Name "WJ2EDGRC-5.08-4P_WJ2EDGRC-5R08-4P_WJ2EDGRC-5.08-4P" is renamed to "WJ2EDGRC-5.08-4P_WJ2EDGRC-5R08-".
#22 WARNING(ORCAP-36006): Part Name "CONN RCPT 17X2_1_TFTLCD_3R5_TFTLCD" is renamed to "CONN RCPT 17X2_1_TFTLCD_3R5_TFT".
#23 WARNING(ORCAP-36006): Part Name "CONN PLUG 3X2_0_HEADER3X2_2R54_HEADER3X2_2R54" is renamed to "CONN PLUG 3X2_0_HEADER3X2_2R54_".
#24 WARNING(ORCAP-36006): Part Name "CON20_3_HEADER10X2_2R54_HEADER10X2_2R54" is renamed to "CON20_3_HEADER10X2_2R54_HEADER1".
#25 WARNING(ORCAP-36006): Part Name "CONN RCPT 6X2_HEADER6X2_2R54_HEADER6X2_2R54" is renamed to "CONN RCPT 6X2_HEADER6X2_2R54_HE".
#26 WARNING(ORCAP-36006): Part Name "CONN RCPT 18_HEADER18X1_2R54_HEADER18X1_2R54" is renamed to "CONN RCPT 18_HEADER18X1_2R54_HE".
#27 WARNING(ORCAP-36006): Part Name "CONN RCPT 2X2_HEADER2X2_2R54_HEADER2X2_2R54" is renamed to "CONN RCPT 2X2_HEADER2X2_2R54_HE".
#28 WARNING(ORCAP-36006): Part Name "CONN PLUG 2_0_HEADER2X1_2R54_HEADER1X2_2R54" is renamed to "CONN PLUG 2_0_HEADER2X1_2R54__1".
#29 WARNING(ORCAP-36006): Part Name "CONN RCPT 3X2_HEADER3X2_2R54_HEADER3X2_2R54" is renamed to "CONN RCPT 3X2_HEADER3X2_2R54_HE".
#30 WARNING(ORCAP-36006): Part Name "HEADER 4_0_HEADER4X1_2R54_HEADER4X1_2R54" is renamed to "HEADER 4_0_HEADER4X1_2R54_HEADE".
#31 WARNING(ORCAP-36006): Part Name "IND_BEAD_0805_600OHM_200MA_LC0805_BEAD_BLM21PG600" is renamed to "IND_BEAD_0805_600OHM_200MA_LC08".
#32 WARNING(ORCAP-36006): Part Name "IND_BEAD_0805_600OHM_200MA_L4532-P_4.7UH_CD4532_20%" is renamed to "IND_BEAD_0805_600OHM_200MA_L453".
#33 WARNING(ORCAP-36006): Part Name "MARKPOINT_MARKPOINT_R3_MARKPOINT" is renamed to "MARKPOINT_MARKPOINT_R3_MARKPOIN".
#34 WARNING(ORCAP-36006): Part Name "L14G1/TO_1_SOT23_123_S8050_SOT23_NPN" is renamed to "L14G1/TO_1_SOT23_123_S8050_SOT2".
#35 WARNING(ORCAP-36006): Part Name "MOS P_SOT23_GDS_SI2301CDS-T1-GE3_PMOS" is renamed to "MOS P_SOT23_GDS_SI2301CDS-T1-GE".
#36 WARNING(ORCAP-36006): Part Name "STM32F407ZGT6_0_LQFP144_STM32F407ZGT6" is renamed to "STM32F407ZGT6_0_LQFP144_STM32F4".
#37 WARNING(ORCAP-36006): Part Name "IS61LV25626_0_TSOP-44_IS62WV51216BLL-55TLI" is renamed to "IS61LV25626_0_TSOP-44_IS62WV512".
#38 WARNING(ORCAP-36006): Part Name "ATK MODULE_ATK-MODULE_ATK MODULE" is renamed to "ATK MODULE_ATK-MODULE_ATK MODUL".
#39 WARNING(ORCAP-36006): Part Name "NRF24L01PACK_NRF24L01PACK_NRF24L01PACK" is renamed to "NRF24L01PACK_NRF24L01PACK_NRF24".
#40 WARNING(ORCAP-36006): Part Name "XTAL_5032_0_X-2P-3R2X1R5-SMD_XTAL_32768HZ_3215" is renamed to "XTAL_5032_0_X-2P-3R2X1R5-SMD_XT".
#41 WARNING(ORCAP-36006): Part Name "XTAL_5032_0_X-2P-5R0X3R2-SMD_XTAL_8MHZ_5032" is renamed to "XTAL_5032_0_X-2P-5R0X3R2-SMD_XT".
#42 WARNING(ORCAP-36006): Part Name "XTAL_5032_0_X-2P-5R0X3R2-SMD_XTAL_25MHZ_5032" is renamed to "XTAL_5032_0_X-2P-5R0X3R2-SMD__1".
#43 WARNING(ORCAP-36006): Part Name "XTAL_5032_0_X-2P-5R0X3R2-SMD_XTAL_12MHZ_5032" is renamed to "XTAL_5032_0_X-2P-5R0X3R2-SMD__2".
INFO(ORCAP-36080): Scanning netlist files ...

Loading... E:\GITHUB\MBEDBOARD\F407_PACK_V10C\SCH\ALLEGRO/pstchip.dat

Loading... E:\GITHUB\MBEDBOARD\F407_PACK_V10C\SCH\ALLEGRO/pstchip.dat

Loading... E:\GITHUB\MBEDBOARD\F407_PACK_V10C\SCH\ALLEGRO/pstxprt.dat

Loading... E:\GITHUB\MBEDBOARD\F407_PACK_V10C\SCH\ALLEGRO/pstxnet.dat
packaging the design view...