{ Using PSTWRITER 17.2.0 d001May-27-2020 at 16:45:47 }

#1 WARNING(ORCAP-36038): "No_connect" property on Pin "U1.3" ignored for U1: MAIN, 03 6UL (91.44, 22.86). Connecting pin to net "PMIC_ON_REQ".
#2 WARNING(ORCAP-36038): "No_connect" property on Pin "USB2.3" ignored for USB2: MAIN, 03 6UL (378.46, 93.98). Connecting pin to net "DP".
#3 WARNING(ORCAP-36038): "No_connect" property on Pin "USB1.2" ignored for USB1: MAIN, 03 6UL (378.46, 43.18). Connecting pin to net "DN".
#4 WARNING(ORCAP-36038): "No_connect" property on Pin "USB2.2" ignored for USB2: MAIN, 03 6UL (378.46, 93.98). Connecting pin to net "DN".
#5 WARNING(ORCAP-36038): "No_connect" property on Pin "J2.10" ignored for J2: MAIN, 04 ETH (137.16, 38.10). Connecting pin to net "N17456348".
#6 WARNING(ORCAP-36038): "No_connect" property on Pin "J2.12" ignored for J2: MAIN, 04 ETH (137.16, 38.10). Connecting pin to net "N17456497".
#7 WARNING(ORCAP-36038): "No_connect" property on Pin "U1.81" ignored for U1: MAIN, 03 6UL (91.44, 22.86). Connecting pin to net "ENET2_RXER".
#8 WARNING(ORCAP-36038): "No_connect" property on Pin "U1.80" ignored for U1: MAIN, 03 6UL (91.44, 22.86). Connecting pin to net "ENET2_CRS_DV".
#9 WARNING(ORCAP-36038): "No_connect" property on Pin "U1.85" ignored for U1: MAIN, 03 6UL (91.44, 22.86). Connecting pin to net "ENET2_TXD0".
#10 WARNING(ORCAP-36038): "No_connect" property on Pin "U1.9" ignored for U1: MAIN, 03 6UL (91.44, 22.86). Connecting pin to net "ENET_RST".
#11 WARNING(ORCAP-36038): "No_connect" property on Pin "U1.47" ignored for U1: MAIN, 03 6UL (91.44, 22.86). Connecting pin to net "ENET_MDC".
#12 WARNING(ORCAP-36038): "No_connect" property on Pin "U1.46" ignored for U1: MAIN, 03 6UL (91.44, 22.86). Connecting pin to net "ENET_MDIO".
#13 WARNING(ORCAP-36038): "No_connect" property on Pin "U1.82" ignored for U1: MAIN, 03 6UL (91.44, 22.86). Connecting pin to net "ENET2_RXD1".
#14 WARNING(ORCAP-36038): "No_connect" property on Pin "U6.18" ignored for U6: MAIN, 04 ETH (284.48, 53.34). Connecting pin to net "N17521944".
#15 WARNING(ORCAP-36038): "No_connect" property on Pin "J4.11" ignored for J4: MAIN, 04 ETH (355.60, 200.66). Connecting pin to net "ETH2_LED2".
#16 WARNING(ORCAP-36038): "No_connect" property on Pin "USB1.4" ignored for USB1: MAIN, 03 6UL (378.46, 43.18). Connecting pin to net "USB_OTG1_ID".
#17 WARNING(ORCAP-36038): "No_connect" property on Pin "USB2.4" ignored for USB2: MAIN, 03 6UL (378.46, 93.98). Connecting pin to net "USB_OTG1_ID".
#18 WARNING(ORCAP-36038): "No_connect" property on Pin "U1.78" ignored for U1: MAIN, 03 6UL (91.44, 22.86). Connecting pin to net "ENET2_TX_CLK".
#19 WARNING(ORCAP-36038): "No_connect" property on Pin "U1.79" ignored for U1: MAIN, 03 6UL (91.44, 22.86). Connecting pin to net "ENET2_RXD0".
#20 WARNING(ORCAP-36038): "No_connect" property on Pin "J4.9" ignored for J4: MAIN, 04 ETH (355.60, 200.66). Connecting pin to net "ETH2_LED1".
#21 WARNING(ORCAP-36038): "No_connect" property on Pin "U1.84" ignored for U1: MAIN, 03 6UL (91.44, 22.86). Connecting pin to net "ENET2_TXD1".
#22 WARNING(ORCAP-36038): "No_connect" property on Pin "U1.83" ignored for U1: MAIN, 03 6UL (91.44, 22.86). Connecting pin to net "ENET2_TXEN".
#23 WARNING(ORCAP-36038): "No_connect" property on Pin "U6.10" ignored for U6: MAIN, 04 ETH (284.48, 53.34). Connecting pin to net "N17522088".
#24 WARNING(ORCAP-36038): "No_connect" property on Pin "USB1.1" ignored for USB1: MAIN, 03 6UL (378.46, 43.18). Connecting pin to net "USB_OTG1_VBUS".
#25 WARNING(ORCAP-36038): "No_connect" property on Pin "MH4.1" ignored for MH4: MAIN, 05 MODULE (66.04, 86.36). Connecting pin to net "GND_EARTH".
#26 WARNING(ORCAP-36038): "No_connect" property on Pin "U1.111" ignored for U1: MAIN, 03 6UL (91.44, 22.86). Connecting pin to net "SD2_D2".
#27 WARNING(ORCAP-36038): "No_connect" property on Pin "U1.119" ignored for U1: MAIN, 03 6UL (91.44, 22.86). Connecting pin to net "WLAN_GPIO1".
#28 WARNING(ORCAP-36038): "No_connect" property on Pin "U1.109" ignored for U1: MAIN, 03 6UL (91.44, 22.86). Connecting pin to net "SD2_D0".
#29 WARNING(ORCAP-36038): "No_connect" property on Pin "U1.108" ignored for U1: MAIN, 03 6UL (91.44, 22.86). Connecting pin to net "SD2_CLK".
#30 WARNING(ORCAP-36038): "No_connect" property on Pin "U1.107" ignored for U1: MAIN, 03 6UL (91.44, 22.86). Connecting pin to net "SD_CMD".
#31 WARNING(ORCAP-36038): "No_connect" property on Pin "U1.112" ignored for U1: MAIN, 03 6UL (91.44, 22.86). Connecting pin to net "SD2_D3".
#32 WARNING(ORCAP-36038): "No_connect" property on Pin "IPX1.3" ignored for IPX1: MAIN, 04 ETH (205.74, 157.48). Connecting pin to net "GND".
#33 WARNING(ORCAP-36038): "No_connect" property on Pin "U1.68" ignored for U1: MAIN, 03 6UL (91.44, 22.86). Connecting pin to net "GND".
#34 WARNING(ORCAP-36038): "No_connect" property on Pin "J4.10" ignored for J4: MAIN, 04 ETH (355.60, 200.66). Connecting pin to net "N17522763".
#35 WARNING(ORCAP-36038): "No_connect" property on Pin "J4.12" ignored for J4: MAIN, 04 ETH (355.60, 200.66). Connecting pin to net "N17522882".
#36 WARNING(ORCAP-36038): "No_connect" property on Pin "U1.110" ignored for U1: MAIN, 03 6UL (91.44, 22.86). Connecting pin to net "SD2_D1".
#37 WARNING(ORCAP-36038): "No_connect" property on Pin "J2.9" ignored for J2: MAIN, 04 ETH (137.16, 38.10). Connecting pin to net "ETH1_LED1".
#38 WARNING(ORCAP-36038): "No_connect" property on Pin "U1.22" ignored for U1: MAIN, 03 6UL (91.44, 22.86). Connecting pin to net "WLAN_PWR".
#39 WARNING(ORCAP-36038): "No_connect" property on Pin "J2.11" ignored for J2: MAIN, 04 ETH (137.16, 38.10). Connecting pin to net "ETH1_LED2".
#40 WARNING(ORCAP-36038): "No_connect" property on Pin "U1.15" ignored for U1: MAIN, 03 6UL (91.44, 22.86). Connecting pin to net "SNVS_TAMPER0".
#41 WARNING(ORCAP-36006): Part Name "CONN RCPT 4_CN1X4-2P54-Z_CN1X4-2P54-Z" is renamed to "CONN RCPT 4_CN1X4-2P54-Z_CN1X4-".
#42 WARNING(ORCAP-36006): Part Name "CON_RJ45_1X8_F_RA_0_HR911105A_HR911105A" is renamed to "CON_RJ45_1X8_F_RA_0_HR911105A_H".
#43 WARNING(ORCAP-36006): Part Name "WM-N-BM-02_WM-N-BM-02_IO_WM-N-BM-02" is renamed to "WM-N-BM-02_WM-N-BM-02_IO_WM-N-B".
#44 WARNING(ORCAP-36042): Pin "VBAT" is renamed to "VBAT#1" as visible power pin of same name already exists in Package WM-N-BM-02 , J3: MAIN, 04 ETH (116.84, 139.70).
#45 WARNING(ORCAP-36042): Pin "VBAT" is renamed to "VBAT#2" as visible power pin of same name already exists in Package WM-N-BM-02 , J3: MAIN, 04 ETH (116.84, 139.70).
#46 WARNING(ORCAP-36042): Pin "GND" is renamed to "GND#3" as visible power pin of same name already exists in Package WM-N-BM-02 , J3: MAIN, 04 ETH (116.84, 139.70).
#47 WARNING(ORCAP-36042): Pin "GND" is renamed to "GND#5" as visible power pin of same name already exists in Package WM-N-BM-02 , J3: MAIN, 04 ETH (116.84, 139.70).
#48 WARNING(ORCAP-36042): Pin "GND" is renamed to "GND#8" as visible power pin of same name already exists in Package WM-N-BM-02 , J3: MAIN, 04 ETH (116.84, 139.70).
#49 WARNING(ORCAP-36042): Pin "GND" is renamed to "GND#10" as visible power pin of same name already exists in Package WM-N-BM-02 , J3: MAIN, 04 ETH (116.84, 139.70).
#50 WARNING(ORCAP-36042): Pin "GND" is renamed to "GND#36" as visible power pin of same name already exists in Package WM-N-BM-02 , J3: MAIN, 04 ETH (116.84, 139.70).
#51 WARNING(ORCAP-36042): Pin "GND" is renamed to "GND#38" as visible power pin of same name already exists in Package WM-N-BM-02 , J3: MAIN, 04 ETH (116.84, 139.70).
#52 WARNING(ORCAP-36042): Pin "GND" is renamed to "GND#49" as visible power pin of same name already exists in Package WM-N-BM-02 , J3: MAIN, 04 ETH (116.84, 139.70).
#53 WARNING(ORCAP-36042): Pin "GND" is renamed to "GND#50" as visible power pin of same name already exists in Package WM-N-BM-02 , J3: MAIN, 04 ETH (116.84, 139.70).
#54 WARNING(ORCAP-36042): Pin "GND" is renamed to "GND#51" as visible power pin of same name already exists in Package WM-N-BM-02 , J3: MAIN, 04 ETH (116.84, 139.70).
#55 WARNING(ORCAP-36042): Pin "GND" is renamed to "GND#52" as visible power pin of same name already exists in Package WM-N-BM-02 , J3: MAIN, 04 ETH (116.84, 139.70).
#56 WARNING(ORCAP-36006): Part Name "HDR_1_WJ2EDGR-5R08-2P_WJ2EDGR-5.08-2P" is renamed to "HDR_1_WJ2EDGR-5R08-2P_WJ2EDGR-5".
#57 WARNING(ORCAP-36006): Part Name "SMA-50R_0_SMA-STRAIGHT-SOCKET_SMA-STRAIGHT-SOCKET" is renamed to "SMA-50R_0_SMA-STRAIGHT-SOCKET_S".
#58 WARNING(ORCAP-36006): Part Name "744822222_0_ACM2012_ACM2012-900-2P-T002" is renamed to "744822222_0_ACM2012_ACM2012-900".
#59 WARNING(ORCAP-36006): Part Name "IND_BEAD_0805_600OHM_1_L0805_BLM21PG600" is renamed to "IND_BEAD_0805_600OHM_1_L0805_BL".
#60 WARNING(ORCAP-36006): Part Name "SW PUSHBUTTON_0_KEY-2P-SMD-6R2X3R8X2R5_KEY" is renamed to "SW PUSHBUTTON_0_KEY-2P-SMD-6R2X".
#61 WARNING(ORCAP-36006): Part Name "MYC-Y6ULX_SOM_MYC-Y6ULX_SOM_MYC-Y6ULX_SOM" is renamed to "MYC-Y6ULX_SOM_MYC-Y6ULX_SOM_MYC".
#62 WARNING(ORCAP-36006): Part Name "TPS2051BDBVR_SOT23-5_TPS2041BDBV" is renamed to "TPS2051BDBVR_SOT23-5_TPS2041BDB".
#63 WARNING(ORCAP-36006): Part Name "TPD4E1U06DBVR_SOT363_TPD4E1U06DCKR" is renamed to "TPD4E1U06DBVR_SOT363_TPD4E1U06D".
#64 WARNING(ORCAP-36006): Part Name "LAN8720A_QFN24-4X4X0R5-2R4X2R4_LAN8720A" is renamed to "LAN8720A_QFN24-4X4X0R5-2R4X2R4_".
#65 WARNING(ORCAP-36006): Part Name "USB-MICRO_0_USB-MICRO-L_U-D-M5DD-Y-2" is renamed to "USB-MICRO_0_USB-MICRO-L_U-D-M5D".
#66 WARNING(ORCAP-36006): Part Name "USB-MICRO_USB-U-F-M5SS-W-1_U-F-M5SS-W-1/NI" is renamed to "USB-MICRO_USB-U-F-M5SS-W-1_U-F-".
#67 WARNING(ORCAP-36006): Part Name "SMD_OSC_6_X-4P-3R2X2R5-SMD_S3D32.768KB20F30T" is renamed to "SMD_OSC_6_X-4P-3R2X2R5-SMD_S3D3".
INFO(ORCAP-36080): Scanning netlist files ...

Loading... H:\MBEDBoard\6UL_WIFI_V10A\SCH\ALLEGRO/pstchip.dat

Loading... H:\MBEDBoard\6UL_WIFI_V10A\SCH\ALLEGRO/pstchip.dat

Loading... H:\MBEDBoard\6UL_WIFI_V10A\SCH\ALLEGRO/pstchip.dat

Loading... H:\MBEDBoard\6UL_WIFI_V10A\SCH\ALLEGRO/pstxnet.dat
packaging the design view...