{ Using PSTWRITER 17.2.0 d001Sep-23-2019 at 16:14:48 }

#1 WARNING(ORCAP-36038): "No_connect" property on Pin "U12.7" ignored for U12: MAIN, 02 MCU (152.40, 276.86). Connecting pin to net "CLK_50M_MK60".
#2 WARNING(ORCAP-36038): "No_connect" property on Pin "U8.1" ignored for U8: MAIN, 02 MCU (302.26, 167.64). Connecting pin to net "CAN_H".
#3 WARNING(ORCAP-36038): "No_connect" property on Pin "J8.12" ignored for J8: MAIN, 03 POWER (73.66, 157.48). Connecting pin to net "VCC_3.3V".
#4 WARNING(ORCAP-36038): "No_connect" property on Pin "J8.9" ignored for J8: MAIN, 03 POWER (73.66, 157.48). Connecting pin to net "VCC_3.3V".
#5 WARNING(ORCAP-36038): "No_connect" property on Pin "J8.10" ignored for J8: MAIN, 03 POWER (73.66, 157.48). Connecting pin to net "N17263728".
#6 WARNING(ORCAP-36038): "No_connect" property on Pin "U12.5" ignored for U12: MAIN, 02 MCU (152.40, 276.86). Connecting pin to net "PHY_CLK".
#7 WARNING(ORCAP-36038): "No_connect" property on Pin "J8.11" ignored for J8: MAIN, 03 POWER (73.66, 157.48). Connecting pin to net "N17265751".
#8 WARNING(ORCAP-36038): "No_connect" property on Pin "U4.3" ignored for U4: MAIN, 02 MCU (236.22, 60.96). Connecting pin to net "GND".
#9 WARNING(ORCAP-36038): "No_connect" property on Pin "U2.9" ignored for U2: MAIN, 02 MCU (337.82, 20.32). Connecting pin to net "GND".
#10 WARNING(ORCAP-36038): "No_connect" property on Pin "U2.10" ignored for U2: MAIN, 02 MCU (337.82, 20.32). Connecting pin to net "GND".
#11 WARNING(ORCAP-36038): "No_connect" property on Pin "U2.11" ignored for U2: MAIN, 02 MCU (337.82, 20.32). Connecting pin to net "GND".
#12 WARNING(ORCAP-36038): "No_connect" property on Pin "U2.12" ignored for U2: MAIN, 02 MCU (337.82, 20.32). Connecting pin to net "GND".
#13 WARNING(ORCAP-36038): "No_connect" property on Pin "U2.13" ignored for U2: MAIN, 02 MCU (337.82, 20.32). Connecting pin to net "GND".
#14 WARNING(ORCAP-36006): Part Name "CONN RCPT 6X2_CN2X6-2P54-Z_CN2X6-2P54-Z" is renamed to "CONN RCPT 6X2_CN2X6-2P54-Z_CN2X".
#15 WARNING(ORCAP-36006): Part Name "CONN RECT 17X2_CN2X17-2P54-Z_CN2X17-2P54-Z" is renamed to "CONN RECT 17X2_CN2X17-2P54-Z_CN".
#16 WARNING(ORCAP-36006): Part Name "CONN RCPT 2_WJ2EDGRC-5R08-2P_WJ2EDGRC-5R08-2P" is renamed to "CONN RCPT 2_WJ2EDGRC-5R08-2P_WJ".
#17 WARNING(ORCAP-36006): Part Name "CONN RCPT 4_CN1X4-2P54-Z_CN1X4-2P54-Z/NI" is renamed to "CONN RCPT 4_CN1X4-2P54-Z_CN1X4-".
#18 WARNING(ORCAP-36006): Part Name "CON20_0_CN2X10-2P54-Z_CN2X10-2P54-Z" is renamed to "CON20_0_CN2X10-2P54-Z_CN2X10-2P".
#19 WARNING(ORCAP-36006): Part Name "CON_RJ45_1X8_F_RA_0_HR911105A_HR911105A" is renamed to "CON_RJ45_1X8_F_RA_0_HR911105A_H".
#20 WARNING(ORCAP-36006): Part Name "IND_BEAD_0805_600OHM_1_L0805_BLM21PG600" is renamed to "IND_BEAD_0805_600OHM_1_L0805_BL".
#21 WARNING(ORCAP-36006): Part Name "SW PUSHBUTTON_0_KEY-2P-SMD-6R2X3R8X2R5_KEY" is renamed to "SW PUSHBUTTON_0_KEY-2P-SMD-6R2X".
#22 WARNING(ORCAP-36006): Part Name "MK60DN512VLL10_6_LQFP100-14X14X0R5_MK60DN512VLL10" is renamed to "MK60DN512VLL10_6_LQFP100-14X14X".
#23 WARNING(ORCAP-36006): Part Name "PS1240P02BT_PS1240P02BT_PS1240P02BT" is renamed to "PS1240P02BT_PS1240P02BT_PS1240P".
#24 WARNING(ORCAP-36006): Part Name "KSZ8041NL_QFN32-5X5X0R5-3R1X3R1_KSZ8041NLI" is renamed to "KSZ8041NL_QFN32-5X5X0R5-3R1X3R1".
#25 WARNING(ORCAP-36006): Part Name "CEIT_C5000_0_SOIC8_208_W25Q16JVSNIQ" is renamed to "CEIT_C5000_0_SOIC8_208_W25Q16JV".
#26 WARNING(ORCAP-36006): Part Name "MB85RC64PNF-G-JNERE1_SOIC8_AT24C02D-SSHM-T" is renamed to "MB85RC64PNF-G-JNERE1_SOIC8_AT24".
#27 WARNING(ORCAP-36006): Part Name "NRF24L01PACK_NRF24L01PACK_NRF24L01PACK" is renamed to "NRF24L01PACK_NRF24L01PACK_NRF24".
#28 WARNING(ORCAP-36006): Part Name "ADXL345_0_LGA14-5R0X3R0_ADXL345BCCZ-RL7" is renamed to "ADXL345_0_LGA14-5R0X3R0_ADXL345".
#29 WARNING(ORCAP-36006): Part Name "USB-MICRO_USB-U-F-M5SS-W-1_U-F-M5SS-W-1" is renamed to "USB-MICRO_USB-U-F-M5SS-W-1_U-F-".
#30 WARNING(ORCAP-36006): Part Name "XTAL_5032_0_X-2P-3R2X1R5-SMD_Q13FC1350000400" is renamed to "XTAL_5032_0_X-2P-3R2X1R5-SMD_Q1".
#31 WARNING(ORCAP-36006): Part Name "SMD_OSC_3_X-4P-5R0X3R2-SMD_SG5032CAN-50M-TJGA" is renamed to "SMD_OSC_3_X-4P-5R0X3R2-SMD_SG50".
INFO(ORCAP-36080): Scanning netlist files ...

Loading... H:\MBEDBoard\MK60_PACK_V30A\SCH\allegro/pstchip.dat

Loading... H:\MBEDBoard\MK60_PACK_V30A\SCH\allegro/pstchip.dat

Loading... H:\MBEDBoard\MK60_PACK_V30A\SCH\allegro/pstchip.dat

Loading... H:\MBEDBoard\MK60_PACK_V30A\SCH\allegro/pstxnet.dat
packaging the design view...