(---------------------------------------------------------------------)
(                                                                     )
(    ARTWORK LOG                                                      )
(                                                                     )
(    Drawing          : UART_V10A.brd                                 )
(    Software Version : 16.6-2015S071                                 )
(    Date/Time        : Fri Aug 19 15:11:41 2016                      )
(                                                                     )
(---------------------------------------------------------------------)


 ---- Photoplot outline rectangle not found; using drawing extents.



Results from parameter file ...
    DEVICE-TYPE           GERBER_RS274X
    OUTPUT-UNITS          MM
    FILM-SIZE             2400000 1600000
    FORMAT                2.5
    ABORT-ON-ERROR        NO
    SCALE                 1
    SUPPRESS-LEAD-ZEROES  YES
    SUPPRESS-TRAIL-ZEROES NO
    SUPPRESS-EQUAL        YES
    UNDEF-APT-CONT        NO



================================================================
     PROCESSING FILM < TOP >
     TO FILE < E:/GitHub/48_CP2102/PCB/ART/TOP.art > ...
================================================================

  FILM PARAMETERS :
  ---------------------------------------------------------
  Undefined line width                0.1524
  Mirror code                         NONE
  Rotate angle                        NONE
  Offset x:                           0.0000
  Offset y:                           0.0000
  Plot negative                       NO
  Suppress unconnected internal pads  NO
  Draw holes only                     NO



  APERTURES USED:
  ---------------------------------------------------------
  TYPE       SIZE/NAME                   ROT   MIRROR MODE 
  ---------------------------------------------------------
  CIRCLE     0.20320                                  DARK 
  CIRCLE     0.25400                                  DARK 
  CIRCLE     0.55880                                  DARK 
  CIRCLE     0.71120                                  DARK 
  CIRCLE     0.76200                                  DARK 
  CIRCLE     1.52400                                  DARK 
  SQUARE     1.52400                     0.000 NO     DARK 
  SQUARE     3.10000                     0.000 NO     DARK 
  RECTANGLE  0.23000     x 1.00000       0.000 NO     DARK 
  RECTANGLE  0.23000     x 1.00000      90.000 NO     DARK 
  RECTANGLE  0.40000     x 1.40000      90.000 NO     DARK 
  RECTANGLE  0.45000     x 0.47000       0.000 NO     DARK 
  RECTANGLE  0.65000     x 1.06000      90.000 NO     DARK 
  RECTANGLE  1.01600     x 1.21920       0.000 NO     DARK 
  RECTANGLE  1.20000     x 3.30000      90.000 NO     DARK 
  RECTANGLE  1.80000     x 2.00000      90.000 NO     DARK 
  RECTANGLE  3.50000     x 5.00000      90.000 NO     DARK 
  OBLONG     0.66040     x 1.77800      90.000 NO     DARK 

     TOP created.


================================================================
     PROCESSING FILM < BOTTOM >
     TO FILE < E:/GitHub/48_CP2102/PCB/ART/BOTTOM.art > ...
================================================================

  FILM PARAMETERS :
  ---------------------------------------------------------
  Undefined line width                0.1524
  Mirror code                         NONE
  Rotate angle                        NONE
  Offset x:                           0.0000
  Offset y:                           0.0000
  Plot negative                       NO
  Suppress unconnected internal pads  NO
  Draw holes only                     NO



  APERTURES USED:
  ---------------------------------------------------------
  TYPE       SIZE/NAME                   ROT   MIRROR MODE 
  ---------------------------------------------------------
  CIRCLE     0.20320                                  DARK 
  CIRCLE     0.50800                                  DARK 
  CIRCLE     0.55880                                  DARK 
  CIRCLE     0.71120                                  DARK 
  CIRCLE     0.76200                                  DARK 
  CIRCLE     1.52400                                  DARK 
  SQUARE     1.52400                     0.000 NO     DARK 
  RECTANGLE  0.91440     x 0.91440       0.000 NO     DARK 
  RECTANGLE  1.01600     x 1.21920       0.000 NO     DARK 
  RECTANGLE  1.20000     x 3.30000      90.000 NO     DARK 
  RECTANGLE  1.27000     x 1.27000       0.000 NO     DARK 
  RECTANGLE  3.50000     x 5.00000      90.000 NO     DARK 

     BOTTOM created.


================================================================
     PROCESSING FILM < SilkScreen_Top >
     TO FILE < E:/GitHub/48_CP2102/PCB/ART/SilkScreen_Top.art > ...
================================================================

  FILM PARAMETERS :
  ---------------------------------------------------------
  Undefined line width                0.1524
  Mirror code                         NONE
  Rotate angle                        NONE
  Offset x:                           0.0000
  Offset y:                           0.0000
  Plot negative                       NO
  Suppress unconnected internal pads  NO
  Draw holes only                     NO



  APERTURES USED:
  ---------------------------------------------------------
  TYPE       SIZE/NAME                   ROT   MIRROR MODE 
  ---------------------------------------------------------
  CIRCLE     0.15240                                  DARK 
  CIRCLE     0.17780                                  DARK 
  CIRCLE     0.20320                                  DARK 
  CIRCLE     0.25400                                  DARK 

     SilkScreen_Top created.


================================================================
     PROCESSING FILM < SilkScreen_Bottom >
     TO FILE < E:/GitHub/48_CP2102/PCB/ART/SilkScreen_Bottom.art > ...
================================================================

  FILM PARAMETERS :
  ---------------------------------------------------------
  Undefined line width                0.1524
  Mirror code                         NONE
  Rotate angle                        NONE
  Offset x:                           0.0000
  Offset y:                           0.0000
  Plot negative                       NO
  Suppress unconnected internal pads  NO
  Draw holes only                     NO



  APERTURES USED:
  ---------------------------------------------------------
  TYPE       SIZE/NAME                   ROT   MIRROR MODE 
  ---------------------------------------------------------
  CIRCLE     0.15240                                  DARK 
  CIRCLE     0.20320                                  DARK 

     SilkScreen_Bottom created.


================================================================
     PROCESSING FILM < PasteMask_Top >
     TO FILE < E:/GitHub/48_CP2102/PCB/ART/PasteMask_Top.art > ...
================================================================

  FILM PARAMETERS :
  ---------------------------------------------------------
  Undefined line width                0.1524
  Mirror code                         NONE
  Rotate angle                        NONE
  Offset x:                           0.0000
  Offset y:                           0.0000
  Plot negative                       NO
  Suppress unconnected internal pads  NO
  Draw holes only                     NO



  APERTURES USED:
  ---------------------------------------------------------
  TYPE       SIZE/NAME                   ROT   MIRROR MODE 
  ---------------------------------------------------------
  CIRCLE     1.52400                                  DARK 
  SQUARE     1.52400                     0.000 NO     DARK 
  SQUARE     3.10000                     0.000 NO     DARK 
  RECTANGLE  0.23000     x 1.00000       0.000 NO     DARK 
  RECTANGLE  0.23000     x 1.00000      90.000 NO     DARK 
  RECTANGLE  0.40000     x 1.40000      90.000 NO     DARK 
  RECTANGLE  0.45000     x 0.47000       0.000 NO     DARK 
  RECTANGLE  0.65000     x 1.06000      90.000 NO     DARK 
  RECTANGLE  1.01600     x 1.21920       0.000 NO     DARK 
  RECTANGLE  1.20000     x 3.30000      90.000 NO     DARK 
  RECTANGLE  1.80000     x 2.00000      90.000 NO     DARK 
  RECTANGLE  3.50000     x 5.00000      90.000 NO     DARK 
  OBLONG     0.66040     x 1.77800      90.000 NO     DARK 

     PasteMask_Top created.


================================================================
     PROCESSING FILM < PasteMask_Bottom >
     TO FILE < E:/GitHub/48_CP2102/PCB/ART/PasteMask_Bottom.art > ...
================================================================

  FILM PARAMETERS :
  ---------------------------------------------------------
  Undefined line width                0.1524
  Mirror code                         NONE
  Rotate angle                        NONE
  Offset x:                           0.0000
  Offset y:                           0.0000
  Plot negative                       NO
  Suppress unconnected internal pads  NO
  Draw holes only                     NO



  APERTURES USED:
  ---------------------------------------------------------
  TYPE       SIZE/NAME                   ROT   MIRROR MODE 
  ---------------------------------------------------------
  CIRCLE     1.52400                                  DARK 
  SQUARE     0.91440                     0.000 NO     DARK 
  SQUARE     1.52400                     0.000 NO     DARK 
  RECTANGLE  1.01600     x 1.21920       0.000 NO     DARK 
  RECTANGLE  1.20000     x 3.30000      90.000 NO     DARK 
  RECTANGLE  1.27000     x 1.27000       0.000 NO     DARK 
  RECTANGLE  3.50000     x 5.00000      90.000 NO     DARK 

     PasteMask_Bottom created.


================================================================
     PROCESSING FILM < SolderMask_Top >
     TO FILE < E:/GitHub/48_CP2102/PCB/ART/SolderMask_Top.art > ...
================================================================

  FILM PARAMETERS :
  ---------------------------------------------------------
  Undefined line width                0.1524
  Mirror code                         NONE
  Rotate angle                        NONE
  Offset x:                           0.0000
  Offset y:                           0.0000
  Plot negative                       NO
  Suppress unconnected internal pads  NO
  Draw holes only                     NO



  APERTURES USED:
  ---------------------------------------------------------
  TYPE       SIZE/NAME                   ROT   MIRROR MODE 
  ---------------------------------------------------------
  CIRCLE     1.52400                                  DARK 
  SQUARE     1.65100                     0.000 NO     DARK 
  SQUARE     3.20000                     0.000 NO     DARK 
  RECTANGLE  0.33000     x 1.10000       0.000 NO     DARK 
  RECTANGLE  0.33000     x 1.10000      90.000 NO     DARK 
  RECTANGLE  0.55000     x 0.57000       0.000 NO     DARK 
  RECTANGLE  0.60000     x 1.60000      90.000 NO     DARK 
  RECTANGLE  0.75000     x 1.16000      90.000 NO     DARK 
  RECTANGLE  1.21920     x 1.42240       0.000 NO     DARK 
  RECTANGLE  1.30000     x 3.40000      90.000 NO     DARK 
  RECTANGLE  1.90000     x 2.10000      90.000 NO     DARK 
  RECTANGLE  3.60000     x 5.10000      90.000 NO     DARK 
  OBLONG     0.81280     x 1.93040      90.000 NO     DARK 

     SolderMask_Top created.


================================================================
     PROCESSING FILM < SolderMask_Bottom >
     TO FILE < E:/GitHub/48_CP2102/PCB/ART/SolderMask_Bottom.art > ...
================================================================

  FILM PARAMETERS :
  ---------------------------------------------------------
  Undefined line width                0.1524
  Mirror code                         NONE
  Rotate angle                        NONE
  Offset x:                           0.0000
  Offset y:                           0.0000
  Plot negative                       NO
  Suppress unconnected internal pads  NO
  Draw holes only                     NO



  APERTURES USED:
  ---------------------------------------------------------
  TYPE       SIZE/NAME                   ROT   MIRROR MODE 
  ---------------------------------------------------------
  CIRCLE     1.52400                                  DARK 
  SQUARE     0.91440                     0.000 NO     DARK 
  SQUARE     1.65100                     0.000 NO     DARK 
  RECTANGLE  1.21920     x 1.42240       0.000 NO     DARK 
  RECTANGLE  1.30000     x 3.40000      90.000 NO     DARK 
  RECTANGLE  1.42240     x 1.42240       0.000 NO     DARK 
  RECTANGLE  3.60000     x 5.10000      90.000 NO     DARK 

     SolderMask_Bottom created.


================================================================
     PROCESSING FILM < OutLine >
     TO FILE < E:/GitHub/48_CP2102/PCB/ART/OutLine.art > ...
================================================================

  FILM PARAMETERS :
  ---------------------------------------------------------
  Undefined line width                0.1524
  Mirror code                         NONE
  Rotate angle                        NONE
  Offset x:                           0.0000
  Offset y:                           0.0000
  Plot negative                       NO
  Suppress unconnected internal pads  NO
  Draw holes only                     NO



  APERTURES USED:
  ---------------------------------------------------------
  TYPE       SIZE/NAME                   ROT   MIRROR MODE 
  ---------------------------------------------------------
  CIRCLE     0.17000                                  DARK 
  CIRCLE     0.20320                                  DARK 

     OutLine created.


================================================================
     PROCESSING FILM < Drill_Legend >
     TO FILE < E:/GitHub/48_CP2102/PCB/ART/Drill_Legend.art > ...
================================================================

  FILM PARAMETERS :
  ---------------------------------------------------------
  Undefined line width                0.1524
  Mirror code                         NONE
  Rotate angle                        NONE
  Offset x:                           0.0000
  Offset y:                           0.0000
  Plot negative                       NO
  Suppress unconnected internal pads  NO
  Draw holes only                     NO

    WARNING: 0 width line found at (22.8000 0.0000)
           ... using undefined line width of 0.1524

    WARNING: text composed 0 width line found at (-5.8637 13.0475)
           ... using undefined line width of 0.1524

    WARNING: Multiple 0 width lines; all will be treated the same as the first.
           ... using undefined line width of 0.1524

    WARNING: text having Multiple 0 width lines; all will be treated the same as the first.
           ... using undefined line width of 0.1524



  APERTURES USED:
  ---------------------------------------------------------
  TYPE       SIZE/NAME                   ROT   MIRROR MODE 
  ---------------------------------------------------------
  CIRCLE     0.15240                                  DARK 

     Drill_Legend created with warnings


------------------------------------------------------
 SUMMARY:
        TOP created.
        BOTTOM created.
        SilkScreen_Top created.
        SilkScreen_Bottom created.
        PasteMask_Top created.
        PasteMask_Bottom created.
        SolderMask_Top created.
        SolderMask_Bottom created.
        OutLine created.
        Drill_Legend created with warnings

 ARTWORK had warnings
